<?xml version="1.0" encoding="utf-8"?><testsuites><testsuite name="pytest" errors="0" failures="0" skipped="0" tests="9" time="2.720" timestamp="2022-09-02T14:14:49.911971" hostname="DESKTOP-1EJ5INR"><testcase classname="test_utils" name="test_one_to_one" time="0.057" /><testcase classname="test_utils" name="test_one_to_many" time="0.013" /><testcase classname="test_utils" name="test_many_to_many" time="0.012" /><testcase classname="test_utils" name="test_one_to_one_int" time="0.012" /><testcase classname="test_utils" name="test_one_to_one_with_na" time="0.014" /><testcase classname="test_utils" name="test_single_unique_mapping" time="0.028" /><testcase classname="test_utils" name="test_single_unique_mapping_with_na_replace" time="0.012" /><testcase classname="test_utils" name="test_number_unique_mappings" time="0.219" /><testcase classname="test_utils" name="test_ignore_cols_reduces_df_size" time="0.163" /></testsuite></testsuites>