<?xml version="1.0" encoding="utf-8"?><testsuites><testsuite name="pytest" errors="0" failures="0" skipped="0" tests="5" time="1.858" timestamp="2022-09-02T12:03:41.027419" hostname="DESKTOP-1EJ5INR"><testcase classname="test_utils" name="test_one_to_one" time="0.016" /><testcase classname="test_utils" name="test_one_to_many" time="0.013" /><testcase classname="test_utils" name="test_many_to_many" time="0.012" /><testcase classname="test_utils" name="test_one_to_one_int" time="0.013" /><testcase classname="test_utils" name="test_one_to_one_with_na" time="0.015" /></testsuite></testsuites>